<?xml version="1.0" encoding="UTF-8"?>
<!-- Generated by org.testng.reporters.JUnitReportReporter -->
<testsuite hostname="Santhi" failures="0" tests="1" name="com.cts.test.TuxedoTest" time="26.675" errors="0" timestamp="10 Mar 2020 19:04:07 GMT" skipped="0">
  <testcase classname="com.cts.test.TuxedoTest" name="mainTest" time="26.675"/>
</testsuite> <!-- com.cts.test.TuxedoTest -->
